<?xml version="1.0" encoding="UTF-8"?>
<testsuite xmlns:xsi="http://www.w3.org/2001/XMLSchema-instance" xsi:noNamespaceSchemaLocation="https://maven.apache.org/surefire/maven-surefire-plugin/xsd/surefire-test-report.xsd" name="top.gandalf.rpc.AppTest" time="0.033" tests="1" errors="0" skipped="0" failures="0">
  <properties>
    <property name="sun.desktop" value="windows"/>
    <property name="awt.toolkit" value="sun.awt.windows.WToolkit"/>
    <property name="file.encoding.pkg" value="sun.io"/>
    <property name="java.specification.version" value="1.8"/>
    <property name="sun.cpu.isalist" value="amd64"/>
    <property name="sun.jnu.encoding" value="GBK"/>
    <property name="java.class.path" value="D:\IDEAWorkspaces\rpc-netty-demo\rpc-service-interface\target\test-classes;D:\IDEAWorkspaces\rpc-netty-demo\rpc-service-interface\target\classes;D:\TongTech\maven\org\projectlombok\lombok\1.18.2\lombok-1.18.2.jar;D:\TongTech\maven\junit\junit\4.11\junit-4.11.jar;D:\TongTech\maven\org\hamcrest\hamcrest-core\1.3\hamcrest-core-1.3.jar;"/>
    <property name="java.vm.vendor" value="Oracle Corporation"/>
    <property name="sun.arch.data.model" value="64"/>
    <property name="user.variant" value=""/>
    <property name="java.vendor.url" value="http://java.oracle.com/"/>
    <property name="user.timezone" value="Asia/Shanghai"/>
    <property name="java.vm.specification.version" value="1.8"/>
    <property name="os.name" value="Windows 7"/>
    <property name="user.country" value="CN"/>
    <property name="sun.java.launcher" value="SUN_STANDARD"/>
    <property name="sun.boot.library.path" value="C:\Java\java8\jdk1.8.0_92\jre\bin"/>
    <property name="sun.java.command" value="C:\Users\ZHANGX~1\AppData\Local\Temp\surefire6307805902324375206\surefirebooter6907162952043908863.jar C:\Users\zhangxiang\AppData\Local\Temp\surefire6307805902324375206 2018-12-28T17-31-38_617-jvmRun1 surefire2420044121709930284tmp surefire_07721237181127438861tmp"/>
    <property name="surefire.test.class.path" value="D:\IDEAWorkspaces\rpc-netty-demo\rpc-service-interface\target\test-classes;D:\IDEAWorkspaces\rpc-netty-demo\rpc-service-interface\target\classes;D:\TongTech\maven\org\projectlombok\lombok\1.18.2\lombok-1.18.2.jar;D:\TongTech\maven\junit\junit\4.11\junit-4.11.jar;D:\TongTech\maven\org\hamcrest\hamcrest-core\1.3\hamcrest-core-1.3.jar;"/>
    <property name="sun.cpu.endian" value="little"/>
    <property name="user.home" value="C:\Users\zhangxiang"/>
    <property name="user.language" value="zh"/>
    <property name="java.specification.vendor" value="Oracle Corporation"/>
    <property name="java.home" value="C:\Java\java8\jdk1.8.0_92\jre"/>
    <property name="basedir" value="D:\IDEAWorkspaces\rpc-netty-demo\rpc-service-interface"/>
    <property name="file.separator" value="\"/>
    <property name="line.separator" value="&#10;"/>
    <property name="java.vm.specification.vendor" value="Oracle Corporation"/>
    <property name="java.specification.name" value="Java Platform API Specification"/>
    <property name="java.awt.graphicsenv" value="sun.awt.Win32GraphicsEnvironment"/>
    <property name="surefire.real.class.path" value="C:\Users\ZHANGX~1\AppData\Local\Temp\surefire6307805902324375206\surefirebooter6907162952043908863.jar"/>
    <property name="sun.boot.class.path" value="C:\Java\java8\jdk1.8.0_92\jre\lib\resources.jar;C:\Java\java8\jdk1.8.0_92\jre\lib\rt.jar;C:\Java\java8\jdk1.8.0_92\jre\lib\sunrsasign.jar;C:\Java\java8\jdk1.8.0_92\jre\lib\jsse.jar;C:\Java\java8\jdk1.8.0_92\jre\lib\jce.jar;C:\Java\java8\jdk1.8.0_92\jre\lib\charsets.jar;C:\Java\java8\jdk1.8.0_92\jre\lib\jfr.jar;C:\Java\java8\jdk1.8.0_92\jre\classes"/>
    <property name="user.script" value=""/>
    <property name="sun.management.compiler" value="HotSpot 64-Bit Tiered Compilers"/>
    <property name="java.runtime.version" value="1.8.0_92-b14"/>
    <property name="user.name" value="zhangxiang"/>
    <property name="path.separator" value=";"/>
    <property name="os.version" value="6.1"/>
    <property name="java.endorsed.dirs" value="C:\Java\java8\jdk1.8.0_92\jre\lib\endorsed"/>
    <property name="java.runtime.name" value="Java(TM) SE Runtime Environment"/>
    <property name="file.encoding" value="GBK"/>
    <property name="java.vm.name" value="Java HotSpot(TM) 64-Bit Server VM"/>
    <property name="localRepository" value="D:\TongTech\maven"/>
    <property name="java.vendor.url.bug" value="http://bugreport.sun.com/bugreport/"/>
    <property name="java.io.tmpdir" value="C:\Users\ZHANGX~1\AppData\Local\Temp\"/>
    <property name="idea.version" value="2018.1.1"/>
    <property name="java.version" value="1.8.0_92"/>
    <property name="user.dir" value="D:\IDEAWorkspaces\rpc-netty-demo\rpc-service-interface"/>
    <property name="os.arch" value="amd64"/>
    <property name="java.vm.specification.name" value="Java Virtual Machine Specification"/>
    <property name="java.awt.printerjob" value="sun.awt.windows.WPrinterJob"/>
    <property name="sun.os.patch.level" value="Service Pack 1"/>
    <property name="java.library.path" value="C:\Java\java8\jdk1.8.0_92\jre\bin;C:\Windows\Sun\Java\bin;C:\Windows\system32;C:\Windows;C:\Program Files\MySQL\MySQL Server 5.7\bin;C:\Java\java8\jdk1.8.0_92/bin;C:\Java\java8\jdk1.8.0_92/jre/bin;D:\app\oracletest\product\12.1.0\dbhome_1\bin;C:\ProgramData\Oracle\Java\javapath;C:\Program Files (x86)\Common Files\NetSarang;C:\Windows\system32;C:\Windows;C:\Windows\System32\Wbem;C:\Windows\System32\WindowsPowerShell\v1.0\;C:\Program Files (x86)\ATI Technologies\ATI.ACE\Core-Static;C:\Program Files\TortoiseSVN\bin;C:\Program Files\Git\cmd;."/>
    <property name="java.vm.info" value="mixed mode"/>
    <property name="java.vendor" value="Oracle Corporation"/>
    <property name="java.vm.version" value="25.92-b14"/>
    <property name="java.ext.dirs" value="C:\Java\java8\jdk1.8.0_92\jre\lib\ext;C:\Windows\Sun\Java\lib\ext"/>
    <property name="sun.io.unicode.encoding" value="UnicodeLittle"/>
    <property name="java.class.version" value="52.0"/>
  </properties>
  <testcase name="shouldAnswerWithTrue" classname="top.gandalf.rpc.AppTest" time="0.001"/>
</testsuite>